<?xml version="1.0" encoding="UTF-8"?>
<coverage generated="1545087563663" clover="3.2.0">
  <project timestamp="1545087563663" name="All files">
    <metrics statements="61" coveredstatements="57" conditionals="26" coveredconditionals="21" methods="17" coveredmethods="16" elements="104" coveredelements="94" complexity="0" loc="61" ncloc="61" packages="5" files="7" classes="7">
      <package name="components">
        <metrics statements="36" coveredstatements="33" conditionals="22" coveredconditionals="19" methods="10" coveredmethods="10"/>
        <file name="App.js" path="C:\Users\Muha\Documents\React and Co\weather-forcast\app\components\App.js">
          <metrics statements="36" coveredstatements="33" conditionals="22" coveredconditionals="19" methods="10" coveredmethods="10"/>
          <line num="5" count="1" type="stmt"/>
          <line num="18" count="4" type="cond" truecount="1" falsecount="1"/>
          <line num="19" count="4" type="stmt"/>
          <line num="20" count="4" type="stmt"/>
          <line num="21" count="2" type="stmt"/>
          <line num="22" count="2" type="cond" truecount="2" falsecount="0"/>
          <line num="23" count="1" type="stmt"/>
          <line num="29" count="1" type="stmt"/>
          <line num="39" count="0" type="stmt"/>
          <line num="44" count="3" type="cond" truecount="2" falsecount="0"/>
          <line num="45" count="3" type="stmt"/>
          <line num="46" count="3" type="stmt"/>
          <line num="47" count="1" type="stmt"/>
          <line num="48" count="1" type="cond" truecount="1" falsecount="1"/>
          <line num="49" count="1" type="stmt"/>
          <line num="57" count="0" type="stmt"/>
          <line num="67" count="0" type="stmt"/>
          <line num="72" count="22" type="stmt"/>
          <line num="73" count="22" type="stmt"/>
          <line num="74" count="40" type="stmt"/>
          <line num="75" count="40" type="cond" truecount="2" falsecount="0"/>
          <line num="76" count="40" type="stmt"/>
          <line num="78" count="22" type="stmt"/>
          <line num="82" count="46" type="stmt"/>
          <line num="83" count="46" type="stmt"/>
          <line num="87" count="1" type="stmt"/>
          <line num="97" count="1" type="stmt"/>
          <line num="98" count="1" type="stmt"/>
          <line num="102" count="1" type="cond" truecount="1" falsecount="1"/>
          <line num="103" count="1" type="stmt"/>
          <line num="104" count="1" type="stmt"/>
          <line num="105" count="1" type="stmt"/>
          <line num="109" count="22" type="stmt"/>
          <line num="110" count="22" type="cond" truecount="2" falsecount="0"/>
          <line num="111" count="22" type="stmt"/>
          <line num="131" count="6" type="stmt"/>
        </file>
      </package>
      <package name="components.CurrentWeather">
        <metrics statements="2" coveredstatements="2" conditionals="0" coveredconditionals="0" methods="1" coveredmethods="1"/>
        <file name="CurrentWeather.js" path="C:\Users\Muha\Documents\React and Co\weather-forcast\app\components\CurrentWeather\CurrentWeather.js">
          <metrics statements="2" coveredstatements="2" conditionals="0" coveredconditionals="0" methods="1" coveredmethods="1"/>
          <line num="5" count="2" type="stmt"/>
          <line num="7" count="2" type="stmt"/>
        </file>
      </package>
      <package name="components.Day">
        <metrics statements="19" coveredstatements="18" conditionals="4" coveredconditionals="2" methods="6" coveredmethods="5"/>
        <file name="Day.js" path="C:\Users\Muha\Documents\React and Co\weather-forcast\app\components\Day\Day.js">
          <metrics statements="19" coveredstatements="18" conditionals="4" coveredconditionals="2" methods="6" coveredmethods="5"/>
          <line num="6" count="2" type="stmt"/>
          <line num="7" count="2" type="stmt"/>
          <line num="15" count="6" type="stmt"/>
          <line num="16" count="6" type="stmt"/>
          <line num="17" count="6" type="stmt"/>
          <line num="21" count="0" type="stmt"/>
          <line num="25" count="6" type="cond" truecount="1" falsecount="1"/>
          <line num="26" count="6" type="stmt"/>
          <line num="27" count="6" type="stmt"/>
          <line num="28" count="6" type="stmt"/>
          <line num="29" count="6" type="stmt"/>
          <line num="30" count="6" type="stmt"/>
          <line num="55" count="6" type="stmt"/>
          <line num="63" count="6" type="stmt"/>
          <line num="64" count="6" type="stmt"/>
          <line num="65" count="6" type="cond" truecount="1" falsecount="1"/>
          <line num="66" count="6" type="stmt"/>
          <line num="69" count="6" type="stmt"/>
          <line num="90" count="6" type="stmt"/>
        </file>
      </package>
      <package name="images">
        <metrics statements="2" coveredstatements="2" conditionals="0" coveredconditionals="0" methods="0" coveredmethods="0"/>
        <file name="compass.png" path="C:\Users\Muha\Documents\React and Co\weather-forcast\app\images\compass.png">
          <metrics statements="1" coveredstatements="1" conditionals="0" coveredconditionals="0" methods="0" coveredmethods="0"/>
          <line num="1" count="2" type="stmt"/>
        </file>
        <file name="white-arrow-transparent-png-22.png" path="C:\Users\Muha\Documents\React and Co\weather-forcast\app\images\white-arrow-transparent-png-22.png">
          <metrics statements="1" coveredstatements="1" conditionals="0" coveredconditionals="0" methods="0" coveredmethods="0"/>
          <line num="1" count="2" type="stmt"/>
        </file>
      </package>
      <package name="utils">
        <metrics statements="2" coveredstatements="2" conditionals="0" coveredconditionals="0" methods="0" coveredmethods="0"/>
        <file name="dummy-forecast.js" path="C:\Users\Muha\Documents\React and Co\weather-forcast\app\utils\dummy-forecast.js">
          <metrics statements="1" coveredstatements="1" conditionals="0" coveredconditionals="0" methods="0" coveredmethods="0"/>
          <line num="1" count="2" type="stmt"/>
        </file>
        <file name="dummy-weather.js" path="C:\Users\Muha\Documents\React and Co\weather-forcast\app\utils\dummy-weather.js">
          <metrics statements="1" coveredstatements="1" conditionals="0" coveredconditionals="0" methods="0" coveredmethods="0"/>
          <line num="1" count="2" type="stmt"/>
        </file>
      </package>
    </metrics>
  </project>
</coverage>
