{"C:\\Users\\Muha\\Documents\\React and Co\\weather-forcast\\app\\components\\App.js": {"path":"C:\\Users\\Muha\\Documents\\React and Co\\weather-forcast\\app\\components\\App.js","statementMap":{"0":{"start":{"line":5,"column":16},"end":{"line":5,"column":50}},"1":{"start":{"line":18,"column":21},"end":{"line":18,"column":57}},"2":{"start":{"line":19,"column":4},"end":{"line":40,"column":5}},"3":{"start":{"line":20,"column":23},"end":{"line":20,"column":130}},"4":{"start":{"line":21,"column":23},"end":{"line":21,"column":44}},"5":{"start":{"line":22,"column":6},"end":{"line":37,"column":7}},"6":{"start":{"line":23,"column":8},"end":{"line":27,"column":11}},"7":{"start":{"line":29,"column":8},"end":{"line":36,"column":11}},"8":{"start":{"line":39,"column":6},"end":{"line":39,"column":23}},"9":{"start":{"line":44,"column":21},"end":{"line":44,"column":57}},"10":{"start":{"line":45,"column":4},"end":{"line":68,"column":5}},"11":{"start":{"line":46,"column":23},"end":{"line":46,"column":129}},"12":{"start":{"line":47,"column":23},"end":{"line":47,"column":44}},"13":{"start":{"line":48,"column":6},"end":{"line":65,"column":7}},"14":{"start":{"line":49,"column":8},"end":{"line":55,"column":11}},"15":{"start":{"line":57,"column":8},"end":{"line":64,"column":11}},"16":{"start":{"line":67,"column":6},"end":{"line":67,"column":23}},"17":{"start":{"line":72,"column":17},"end":{"line":72,"column":26}},"18":{"start":{"line":73,"column":4},"end":{"line":77,"column":7}},"19":{"start":{"line":74,"column":18},"end":{"line":74,"column":43}},"20":{"start":{"line":75,"column":6},"end":{"line":75,"column":37}},"21":{"start":{"line":75,"column":23},"end":{"line":75,"column":37}},"22":{"start":{"line":76,"column":6},"end":{"line":76,"column":26}},"23":{"start":{"line":78,"column":4},"end":{"line":78,"column":16}},"24":{"start":{"line":82,"column":18},"end":{"line":82,"column":48}},"25":{"start":{"line":83,"column":4},"end":{"line":83,"column":38}},"26":{"start":{"line":87,"column":4},"end":{"line":93,"column":7}},"27":{"start":{"line":97,"column":4},"end":{"line":97,"column":43}},"28":{"start":{"line":98,"column":4},"end":{"line":98,"column":38}},"29":{"start":{"line":102,"column":17},"end":{"line":102,"column":52}},"30":{"start":{"line":103,"column":4},"end":{"line":103,"column":28}},"31":{"start":{"line":104,"column":4},"end":{"line":104,"column":60}},"32":{"start":{"line":105,"column":4},"end":{"line":105,"column":54}},"33":{"start":{"line":109,"column":17},"end":{"line":109,"column":35}},"34":{"start":{"line":110,"column":17},"end":{"line":110,"column":52}},"35":{"start":{"line":111,"column":4},"end":{"line":147,"column":5}},"36":{"start":{"line":131,"column":14},"end":{"line":137,"column":19}}},"fnMap":{"0":{"name":"(anonymous_0)","decl":{"start":{"line":17,"column":2},"end":{"line":17,"column":3}},"loc":{"start":{"line":17,"column":36},"end":{"line":41,"column":3}},"line":17},"1":{"name":"(anonymous_1)","decl":{"start":{"line":43,"column":2},"end":{"line":43,"column":3}},"loc":{"start":{"line":43,"column":41},"end":{"line":69,"column":3}},"line":43},"2":{"name":"(anonymous_2)","decl":{"start":{"line":71,"column":16},"end":{"line":71,"column":17}},"loc":{"start":{"line":71,"column":22},"end":{"line":79,"column":3}},"line":71},"3":{"name":"(anonymous_3)","decl":{"start":{"line":73,"column":28},"end":{"line":73,"column":29}},"loc":{"start":{"line":73,"column":38},"end":{"line":77,"column":5}},"line":73},"4":{"name":"(anonymous_4)","decl":{"start":{"line":81,"column":12},"end":{"line":81,"column":13}},"loc":{"start":{"line":81,"column":28},"end":{"line":84,"column":3}},"line":81},"5":{"name":"(anonymous_5)","decl":{"start":{"line":86,"column":17},"end":{"line":86,"column":18}},"loc":{"start":{"line":86,"column":24},"end":{"line":94,"column":3}},"line":86},"6":{"name":"(anonymous_6)","decl":{"start":{"line":96,"column":16},"end":{"line":96,"column":17}},"loc":{"start":{"line":96,"column":22},"end":{"line":99,"column":3}},"line":96},"7":{"name":"(anonymous_7)","decl":{"start":{"line":101,"column":15},"end":{"line":101,"column":16}},"loc":{"start":{"line":101,"column":21},"end":{"line":106,"column":3}},"line":101},"8":{"name":"(anonymous_8)","decl":{"start":{"line":108,"column":2},"end":{"line":108,"column":3}},"loc":{"start":{"line":108,"column":12},"end":{"line":148,"column":3}},"line":108},"9":{"name":"(anonymous_9)","decl":{"start":{"line":130,"column":35},"end":{"line":130,"column":36}},"loc":{"start":{"line":130,"column":49},"end":{"line":138,"column":13}},"line":130}},"branchMap":{"0":{"loc":{"start":{"line":17,"column":26},"end":{"line":17,"column":34}},"type":"default-arg","locations":[{"start":{"line":17,"column":31},"end":{"line":17,"column":34}}],"line":17},"1":{"loc":{"start":{"line":18,"column":21},"end":{"line":18,"column":57}},"type":"cond-expr","locations":[{"start":{"line":18,"column":36},"end":{"line":18,"column":46}},{"start":{"line":18,"column":49},"end":{"line":18,"column":57}}],"line":18},"2":{"loc":{"start":{"line":22,"column":6},"end":{"line":37,"column":7}},"type":"if","locations":[{"start":{"line":22,"column":6},"end":{"line":37,"column":7}},{"start":{"line":22,"column":6},"end":{"line":37,"column":7}}],"line":22},"3":{"loc":{"start":{"line":43,"column":31},"end":{"line":43,"column":39}},"type":"default-arg","locations":[{"start":{"line":43,"column":36},"end":{"line":43,"column":39}}],"line":43},"4":{"loc":{"start":{"line":44,"column":21},"end":{"line":44,"column":57}},"type":"cond-expr","locations":[{"start":{"line":44,"column":36},"end":{"line":44,"column":46}},{"start":{"line":44,"column":49},"end":{"line":44,"column":57}}],"line":44},"5":{"loc":{"start":{"line":48,"column":6},"end":{"line":65,"column":7}},"type":"if","locations":[{"start":{"line":48,"column":6},"end":{"line":65,"column":7}},{"start":{"line":48,"column":6},"end":{"line":65,"column":7}}],"line":48},"6":{"loc":{"start":{"line":75,"column":6},"end":{"line":75,"column":37}},"type":"if","locations":[{"start":{"line":75,"column":6},"end":{"line":75,"column":37}},{"start":{"line":75,"column":6},"end":{"line":75,"column":37}}],"line":75},"7":{"loc":{"start":{"line":102,"column":17},"end":{"line":102,"column":52}},"type":"cond-expr","locations":[{"start":{"line":102,"column":43},"end":{"line":102,"column":46}},{"start":{"line":102,"column":49},"end":{"line":102,"column":52}}],"line":102},"8":{"loc":{"start":{"line":110,"column":17},"end":{"line":110,"column":52}},"type":"cond-expr","locations":[{"start":{"line":110,"column":43},"end":{"line":110,"column":46}},{"start":{"line":110,"column":49},"end":{"line":110,"column":52}}],"line":110},"9":{"loc":{"start":{"line":118,"column":9},"end":{"line":126,"column":16}},"type":"binary-expr","locations":[{"start":{"line":118,"column":9},"end":{"line":118,"column":42}},{"start":{"line":119,"column":10},"end":{"line":126,"column":16}}],"line":118},"10":{"loc":{"start":{"line":128,"column":10},"end":{"line":139,"column":16}},"type":"binary-expr","locations":[{"start":{"line":128,"column":10},"end":{"line":128,"column":36}},{"start":{"line":129,"column":10},"end":{"line":139,"column":16}}],"line":128},"11":{"loc":{"start":{"line":141,"column":10},"end":{"line":144,"column":16}},"type":"binary-expr","locations":[{"start":{"line":141,"column":10},"end":{"line":141,"column":33}},{"start":{"line":142,"column":10},"end":{"line":144,"column":16}}],"line":141}},"s":{"0":1,"1":4,"2":4,"3":4,"4":2,"5":2,"6":1,"7":1,"8":0,"9":3,"10":3,"11":3,"12":1,"13":1,"14":1,"15":0,"16":0,"17":22,"18":22,"19":40,"20":40,"21":6,"22":40,"23":22,"24":46,"25":46,"26":1,"27":1,"28":1,"29":1,"30":1,"31":1,"32":1,"33":22,"34":22,"35":22,"36":6},"f":{"0":4,"1":3,"2":22,"3":40,"4":46,"5":1,"6":1,"7":1,"8":22,"9":6},"b":{"0":[3],"1":[4,0],"2":[1,1],"3":[1],"4":[2,1],"5":[1,0],"6":[6,34],"7":[0,1],"8":[1,21],"9":[22,1],"10":[22,1],"11":[22,1]},"_coverageSchema":"332fd63041d2c1bcb487cc26dd0d5f7d97098a6c","hash":"34c847981af044f8e686161f306971c0a34846eb"}
,"C:\\Users\\Muha\\Documents\\React and Co\\weather-forcast\\app\\components\\CurrentWeather\\CurrentWeather.js": {"path":"C:\\Users\\Muha\\Documents\\React and Co\\weather-forcast\\app\\components\\CurrentWeather\\CurrentWeather.js","statementMap":{"0":{"start":{"line":5,"column":46},"end":{"line":5,"column":56}},"1":{"start":{"line":7,"column":4},"end":{"line":21,"column":5}}},"fnMap":{"0":{"name":"(anonymous_0)","decl":{"start":{"line":4,"column":2},"end":{"line":4,"column":3}},"loc":{"start":{"line":4,"column":12},"end":{"line":22,"column":3}},"line":4}},"branchMap":{},"s":{"0":2,"1":2},"f":{"0":2},"b":{},"_coverageSchema":"332fd63041d2c1bcb487cc26dd0d5f7d97098a6c","hash":"d2524750b35880e6528e451162c1dfce2c0b571b"}
,"C:\\Users\\Muha\\Documents\\React and Co\\weather-forcast\\app\\components\\Day\\Day.js": {"path":"C:\\Users\\Muha\\Documents\\React and Co\\weather-forcast\\app\\components\\Day\\Day.js","statementMap":{"0":{"start":{"line":6,"column":13},"end":{"line":6,"column":71}},"1":{"start":{"line":7,"column":17},"end":{"line":7,"column":52}},"2":{"start":{"line":15,"column":14},"end":{"line":15,"column":44}},"3":{"start":{"line":16,"column":14},"end":{"line":16,"column":114}},"4":{"start":{"line":17,"column":4},"end":{"line":17,"column":27}},"5":{"start":{"line":21,"column":4},"end":{"line":21,"column":46}},"6":{"start":{"line":25,"column":21},"end":{"line":25,"column":62}},"7":{"start":{"line":26,"column":17},"end":{"line":54,"column":6}},"8":{"start":{"line":27,"column":51},"end":{"line":27,"column":54}},"9":{"start":{"line":28,"column":22},"end":{"line":28,"column":49}},"10":{"start":{"line":29,"column":26},"end":{"line":29,"column":75}},"11":{"start":{"line":30,"column":6},"end":{"line":53,"column":7}},"12":{"start":{"line":55,"column":4},"end":{"line":59,"column":5}},"13":{"start":{"line":63,"column":27},"end":{"line":63,"column":45}},"14":{"start":{"line":64,"column":15},"end":{"line":64,"column":61}},"15":{"start":{"line":65,"column":4},"end":{"line":67,"column":5}},"16":{"start":{"line":66,"column":6},"end":{"line":66,"column":20}},"17":{"start":{"line":69,"column":4},"end":{"line":86,"column":5}},"18":{"start":{"line":90,"column":4},"end":{"line":102,"column":5}}},"fnMap":{"0":{"name":"(anonymous_0)","decl":{"start":{"line":14,"column":17},"end":{"line":14,"column":18}},"loc":{"start":{"line":14,"column":26},"end":{"line":18,"column":3}},"line":14},"1":{"name":"(anonymous_1)","decl":{"start":{"line":20,"column":17},"end":{"line":20,"column":18}},"loc":{"start":{"line":20,"column":23},"end":{"line":22,"column":3}},"line":20},"2":{"name":"(anonymous_2)","decl":{"start":{"line":24,"column":19},"end":{"line":24,"column":20}},"loc":{"start":{"line":24,"column":25},"end":{"line":60,"column":3}},"line":24},"3":{"name":"(anonymous_3)","decl":{"start":{"line":26,"column":37},"end":{"line":26,"column":38}},"loc":{"start":{"line":26,"column":46},"end":{"line":54,"column":5}},"line":26},"4":{"name":"(anonymous_4)","decl":{"start":{"line":62,"column":20},"end":{"line":62,"column":21}},"loc":{"start":{"line":62,"column":26},"end":{"line":87,"column":3}},"line":62},"5":{"name":"(anonymous_5)","decl":{"start":{"line":89,"column":2},"end":{"line":89,"column":3}},"loc":{"start":{"line":89,"column":12},"end":{"line":103,"column":3}},"line":89}},"branchMap":{"0":{"loc":{"start":{"line":25,"column":21},"end":{"line":25,"column":62}},"type":"cond-expr","locations":[{"start":{"line":25,"column":47},"end":{"line":25,"column":52}},{"start":{"line":25,"column":55},"end":{"line":25,"column":62}}],"line":25},"1":{"loc":{"start":{"line":65,"column":4},"end":{"line":67,"column":5}},"type":"if","locations":[{"start":{"line":65,"column":4},"end":{"line":67,"column":5}},{"start":{"line":65,"column":4},"end":{"line":67,"column":5}}],"line":65}},"s":{"0":2,"1":2,"2":6,"3":6,"4":6,"5":0,"6":6,"7":6,"8":6,"9":6,"10":6,"11":6,"12":6,"13":6,"14":6,"15":6,"16":6,"17":6,"18":6},"f":{"0":6,"1":0,"2":6,"3":6,"4":6,"5":6},"b":{"0":[6,0],"1":[6,0]},"_coverageSchema":"332fd63041d2c1bcb487cc26dd0d5f7d97098a6c","hash":"426e4397a9f138435e6a5c978f15eba0760ea1c0"}
,"C:\\Users\\Muha\\Documents\\React and Co\\weather-forcast\\app\\images\\compass.png": {"path":"C:\\Users\\Muha\\Documents\\React and Co\\weather-forcast\\app\\images\\compass.png","statementMap":{"0":{"start":{"line":1,"column":0},"end":{"line":1,"column":31}}},"fnMap":{},"branchMap":{},"s":{"0":2},"f":{},"b":{},"_coverageSchema":"332fd63041d2c1bcb487cc26dd0d5f7d97098a6c","hash":"3759f5a5e553a2ddf6b9ce1f29d18854131cde4f"}
,"C:\\Users\\Muha\\Documents\\React and Co\\weather-forcast\\app\\images\\white-arrow-transparent-png-22.png": {"path":"C:\\Users\\Muha\\Documents\\React and Co\\weather-forcast\\app\\images\\white-arrow-transparent-png-22.png","statementMap":{"0":{"start":{"line":1,"column":0},"end":{"line":1,"column":54}}},"fnMap":{},"branchMap":{},"s":{"0":2},"f":{},"b":{},"_coverageSchema":"332fd63041d2c1bcb487cc26dd0d5f7d97098a6c","hash":"5f037e1d84a8758668d6d518c7f393a7e0c68f6f"}
,"C:\\Users\\Muha\\Documents\\React and Co\\weather-forcast\\app\\utils\\dummy-forecast.js": {"path":"C:\\Users\\Muha\\Documents\\React and Co\\weather-forcast\\app\\utils\\dummy-forecast.js","statementMap":{"0":{"start":{"line":1,"column":17},"end":{"line":1257,"column":1}}},"fnMap":{},"branchMap":{},"s":{"0":2},"f":{},"b":{},"_coverageSchema":"332fd63041d2c1bcb487cc26dd0d5f7d97098a6c","hash":"011c45fde5e59566403fbcc9bcd9b4a13513d455"}
,"C:\\Users\\Muha\\Documents\\React and Co\\weather-forcast\\app\\utils\\dummy-weather.js": {"path":"C:\\Users\\Muha\\Documents\\React and Co\\weather-forcast\\app\\utils\\dummy-weather.js","statementMap":{"0":{"start":{"line":1,"column":16},"end":{"line":49,"column":1}}},"fnMap":{},"branchMap":{},"s":{"0":2},"f":{},"b":{},"_coverageSchema":"332fd63041d2c1bcb487cc26dd0d5f7d97098a6c","hash":"98be19ef8df0f1691256e050507f88b8bb70b0ae"}
}
