TN:
SF:C:\Users\Muha\Documents\React and Co\weather-forcast\app\components\App.js
FN:17,(anonymous_0)
FN:43,(anonymous_1)
FN:71,(anonymous_2)
FN:73,(anonymous_3)
FN:81,(anonymous_4)
FN:86,(anonymous_5)
FN:96,(anonymous_6)
FN:101,(anonymous_7)
FN:108,(anonymous_8)
FN:130,(anonymous_9)
FNF:10
FNH:10
FNDA:4,(anonymous_0)
FNDA:3,(anonymous_1)
FNDA:22,(anonymous_2)
FNDA:40,(anonymous_3)
FNDA:46,(anonymous_4)
FNDA:1,(anonymous_5)
FNDA:1,(anonymous_6)
FNDA:1,(anonymous_7)
FNDA:22,(anonymous_8)
FNDA:6,(anonymous_9)
DA:5,1
DA:18,4
DA:19,4
DA:20,4
DA:21,2
DA:22,2
DA:23,1
DA:29,1
DA:39,0
DA:44,3
DA:45,3
DA:46,3
DA:47,1
DA:48,1
DA:49,1
DA:57,0
DA:67,0
DA:72,22
DA:73,22
DA:74,40
DA:75,40
DA:76,40
DA:78,22
DA:82,46
DA:83,46
DA:87,1
DA:97,1
DA:98,1
DA:102,1
DA:103,1
DA:104,1
DA:105,1
DA:109,22
DA:110,22
DA:111,22
DA:131,6
LF:36
LH:33
BRDA:17,0,0,3
BRDA:18,1,0,4
BRDA:18,1,1,0
BRDA:22,2,0,1
BRDA:22,2,1,1
BRDA:43,3,0,1
BRDA:44,4,0,2
BRDA:44,4,1,1
BRDA:48,5,0,1
BRDA:48,5,1,0
BRDA:75,6,0,6
BRDA:75,6,1,34
BRDA:102,7,0,0
BRDA:102,7,1,1
BRDA:110,8,0,1
BRDA:110,8,1,21
BRDA:118,9,0,22
BRDA:118,9,1,1
BRDA:128,10,0,22
BRDA:128,10,1,1
BRDA:141,11,0,22
BRDA:141,11,1,1
BRF:22
BRH:19
end_of_record
TN:
SF:C:\Users\Muha\Documents\React and Co\weather-forcast\app\components\CurrentWeather\CurrentWeather.js
FN:4,(anonymous_0)
FNF:1
FNH:1
FNDA:2,(anonymous_0)
DA:5,2
DA:7,2
LF:2
LH:2
BRF:0
BRH:0
end_of_record
TN:
SF:C:\Users\Muha\Documents\React and Co\weather-forcast\app\components\Day\Day.js
FN:14,(anonymous_0)
FN:20,(anonymous_1)
FN:24,(anonymous_2)
FN:26,(anonymous_3)
FN:62,(anonymous_4)
FN:89,(anonymous_5)
FNF:6
FNH:5
FNDA:6,(anonymous_0)
FNDA:0,(anonymous_1)
FNDA:6,(anonymous_2)
FNDA:6,(anonymous_3)
FNDA:6,(anonymous_4)
FNDA:6,(anonymous_5)
DA:6,2
DA:7,2
DA:15,6
DA:16,6
DA:17,6
DA:21,0
DA:25,6
DA:26,6
DA:27,6
DA:28,6
DA:29,6
DA:30,6
DA:55,6
DA:63,6
DA:64,6
DA:65,6
DA:66,6
DA:69,6
DA:90,6
LF:19
LH:18
BRDA:25,0,0,6
BRDA:25,0,1,0
BRDA:65,1,0,6
BRDA:65,1,1,0
BRF:4
BRH:2
end_of_record
TN:
SF:C:\Users\Muha\Documents\React and Co\weather-forcast\app\images\compass.png
FNF:0
FNH:0
DA:1,2
LF:1
LH:1
BRF:0
BRH:0
end_of_record
TN:
SF:C:\Users\Muha\Documents\React and Co\weather-forcast\app\images\white-arrow-transparent-png-22.png
FNF:0
FNH:0
DA:1,2
LF:1
LH:1
BRF:0
BRH:0
end_of_record
TN:
SF:C:\Users\Muha\Documents\React and Co\weather-forcast\app\utils\dummy-forecast.js
FNF:0
FNH:0
DA:1,2
LF:1
LH:1
BRF:0
BRH:0
end_of_record
TN:
SF:C:\Users\Muha\Documents\React and Co\weather-forcast\app\utils\dummy-weather.js
FNF:0
FNH:0
DA:1,2
LF:1
LH:1
BRF:0
BRH:0
end_of_record
